2015-11-22 14:53:31,520 [Worker-4] INFO  o.e.m.c.i.l.LifecycleMappingFactory - Using org.eclipse.m2e.jdt.JarLifecycleMapping lifecycle mapping for MavenProject: netcracker:testproject2:0.0.1-SNAPSHOT @ C:\Users\Denis\Desktop\ÂÃÓ\3 êóðñ\NetCracker\Lab2\testproject2\pom.xml.
2015-11-22 14:53:33,225 [Worker-4] INFO  o.e.m.j.i.AbstractJavaProjectConfigurator - Adding source folder /testproject2/src/main/java
2015-11-22 14:53:33,232 [Worker-4] INFO  o.e.m.j.i.AbstractJavaProjectConfigurator - Adding resource folder /testproject2/src/main/resources
2015-11-22 14:53:33,235 [Worker-4] INFO  o.e.m.j.i.AbstractJavaProjectConfigurator - Adding source folder /testproject2/src/test/java
2015-11-22 14:53:33,236 [Worker-4] INFO  o.e.m.j.i.AbstractJavaProjectConfigurator - Adding resource folder /testproject2/src/test/resources
2015-11-22 14:53:36,851 [Worker-10] WARN  o.e.m.c.i.embedder.EclipseLogger - Using platform encoding (Cp1251 actually) to copy filtered resources, i.e. build is platform dependent!
2015-11-22 14:53:36,880 [Worker-10] INFO  o.e.m.c.i.embedder.EclipseLogger - Copying 0 resource
2015-11-22 14:53:36,888 [Worker-10] WARN  o.e.m.c.i.embedder.EclipseLogger - Using platform encoding (Cp1251 actually) to copy filtered resources, i.e. build is platform dependent!
2015-11-22 14:53:36,892 [Worker-10] INFO  o.e.m.c.i.embedder.EclipseLogger - Copying 0 resource
2015-11-22 14:53:52,550 [Worker-10] WARN  o.e.m.c.i.embedder.EclipseLogger - Using platform encoding (Cp1251 actually) to copy filtered resources, i.e. build is platform dependent!
2015-11-22 14:53:52,569 [Worker-10] INFO  o.e.m.c.i.embedder.EclipseLogger - Copying 0 resource
2015-11-22 14:53:52,578 [Worker-10] WARN  o.e.m.c.i.embedder.EclipseLogger - Using platform encoding (Cp1251 actually) to copy filtered resources, i.e. build is platform dependent!
2015-11-22 14:53:52,581 [Worker-10] INFO  o.e.m.c.i.embedder.EclipseLogger - Copying 0 resource
2015-11-22 14:54:08,766 [Worker-10] WARN  o.e.m.c.i.embedder.EclipseLogger - Using platform encoding (Cp1251 actually) to copy filtered resources, i.e. build is platform dependent!
2015-11-22 14:54:08,771 [Worker-10] INFO  o.e.m.c.i.embedder.EclipseLogger - Copying 0 resource
2015-11-22 14:54:08,776 [Worker-10] WARN  o.e.m.c.i.embedder.EclipseLogger - Using platform encoding (Cp1251 actually) to copy filtered resources, i.e. build is platform dependent!
2015-11-22 14:54:08,780 [Worker-10] INFO  o.e.m.c.i.embedder.EclipseLogger - Copying 0 resource
2015-11-22 14:54:12,107 [Worker-14] WARN  o.e.m.c.i.embedder.EclipseLogger - Using platform encoding (Cp1251 actually) to copy filtered resources, i.e. build is platform dependent!
2015-11-22 14:54:12,111 [Worker-14] INFO  o.e.m.c.i.embedder.EclipseLogger - Copying 0 resource
2015-11-22 14:54:12,115 [Worker-14] WARN  o.e.m.c.i.embedder.EclipseLogger - Using platform encoding (Cp1251 actually) to copy filtered resources, i.e. build is platform dependent!
2015-11-22 14:54:12,119 [Worker-14] INFO  o.e.m.c.i.embedder.EclipseLogger - Copying 0 resource
2015-11-22 14:55:08,103 [Worker-6] WARN  o.e.m.c.i.embedder.EclipseLogger - Using platform encoding (Cp1251 actually) to copy filtered resources, i.e. build is platform dependent!
2015-11-22 14:55:08,112 [Worker-6] INFO  o.e.m.c.i.embedder.EclipseLogger - Copying 0 resource
2015-11-22 14:55:08,121 [Worker-6] WARN  o.e.m.c.i.embedder.EclipseLogger - Using platform encoding (Cp1251 actually) to copy filtered resources, i.e. build is platform dependent!
2015-11-22 14:55:08,126 [Worker-6] INFO  o.e.m.c.i.embedder.EclipseLogger - Copying 0 resource
2015-11-22 14:55:40,251 [Worker-4] WARN  o.e.m.c.i.embedder.EclipseLogger - Using platform encoding (Cp1251 actually) to copy filtered resources, i.e. build is platform dependent!
2015-11-22 14:55:40,257 [Worker-4] INFO  o.e.m.c.i.embedder.EclipseLogger - Copying 0 resource
2015-11-22 14:55:40,264 [Worker-4] WARN  o.e.m.c.i.embedder.EclipseLogger - Using platform encoding (Cp1251 actually) to copy filtered resources, i.e. build is platform dependent!
2015-11-22 14:55:40,269 [Worker-4] INFO  o.e.m.c.i.embedder.EclipseLogger - Copying 0 resource
2015-11-22 14:56:14,008 [Worker-11] WARN  o.e.m.c.i.embedder.EclipseLogger - Using platform encoding (Cp1251 actually) to copy filtered resources, i.e. build is platform dependent!
2015-11-22 14:56:14,014 [Worker-11] INFO  o.e.m.c.i.embedder.EclipseLogger - Copying 0 resource
2015-11-22 14:56:14,021 [Worker-11] WARN  o.e.m.c.i.embedder.EclipseLogger - Using platform encoding (Cp1251 actually) to copy filtered resources, i.e. build is platform dependent!
2015-11-22 14:56:14,028 [Worker-11] INFO  o.e.m.c.i.embedder.EclipseLogger - Copying 0 resource
2015-11-22 14:56:21,583 [Worker-13] WARN  o.e.m.c.i.embedder.EclipseLogger - Using platform encoding (Cp1251 actually) to copy filtered resources, i.e. build is platform dependent!
2015-11-22 14:56:21,588 [Worker-13] INFO  o.e.m.c.i.embedder.EclipseLogger - Copying 0 resource
2015-11-22 14:56:21,601 [Worker-13] WARN  o.e.m.c.i.embedder.EclipseLogger - Using platform encoding (Cp1251 actually) to copy filtered resources, i.e. build is platform dependent!
2015-11-22 14:56:21,607 [Worker-13] INFO  o.e.m.c.i.embedder.EclipseLogger - Copying 0 resource
2015-11-22 14:57:34,440 [Worker-0] WARN  o.e.m.c.i.embedder.EclipseLogger - Using platform encoding (Cp1251 actually) to copy filtered resources, i.e. build is platform dependent!
2015-11-22 14:57:34,447 [Worker-0] INFO  o.e.m.c.i.embedder.EclipseLogger - Copying 0 resource
2015-11-22 14:57:34,456 [Worker-0] WARN  o.e.m.c.i.embedder.EclipseLogger - Using platform encoding (Cp1251 actually) to copy filtered resources, i.e. build is platform dependent!
2015-11-22 14:57:34,462 [Worker-0] INFO  o.e.m.c.i.embedder.EclipseLogger - Copying 0 resource
2015-11-22 15:06:14,297 [Worker-5] WARN  o.e.m.c.i.embedder.EclipseLogger - Using platform encoding (Cp1251 actually) to copy filtered resources, i.e. build is platform dependent!
2015-11-22 15:06:14,334 [Worker-5] INFO  o.e.m.c.i.embedder.EclipseLogger - Copying 0 resource
2015-11-22 15:06:14,346 [Worker-5] WARN  o.e.m.c.i.embedder.EclipseLogger - Using platform encoding (Cp1251 actually) to copy filtered resources, i.e. build is platform dependent!
2015-11-22 15:06:14,350 [Worker-5] INFO  o.e.m.c.i.embedder.EclipseLogger - Copying 0 resource
2015-11-22 15:09:47,361 [main] INFO  o.e.m2e.actions.ExecutePomAction - Creating new launch configuration
2015-11-22 15:10:05,403 [Worker-4] INFO  o.e.m.i.launch.MavenLaunchDelegate - C:\Users\Denis\Desktop\ÂÃÓ\3 êóðñ\NetCracker\Lab2\testproject2
2015-11-22 15:10:05,411 [Worker-4] INFO  o.e.m.i.launch.MavenLaunchDelegate -  mvn  -B 
2015-11-22 15:13:27,961 [Worker-4] INFO  o.e.m.i.launch.MavenLaunchDelegate - C:\Users\Denis\Desktop\ÂÃÓ\3 êóðñ\NetCracker\Lab2\testproject2
2015-11-22 15:13:27,963 [Worker-4] INFO  o.e.m.i.launch.MavenLaunchDelegate -  mvn  -B 
2015-11-22 15:16:34,169 [Worker-4] INFO  o.e.m.i.launch.MavenLaunchDelegate - C:\Users\Denis\Desktop\ÂÃÓ\3 êóðñ\NetCracker\Lab2\testproject2
2015-11-22 15:16:34,170 [Worker-4] INFO  o.e.m.i.launch.MavenLaunchDelegate -  mvn  -B 
2015-11-22 15:17:37,329 [Worker-22] INFO  o.e.m.c.i.e.AbstractTransferListenerAdapter - Downloading https://repo.maven.apache.org/maven2/io/takari/m2e/workspace/org.eclipse.m2e.workspace.cli/0.3.1/org.eclipse.m2e.workspace.cli-0.3.1-sources.jar
2015-11-22 15:17:37,469 [Worker-22] INFO  o.e.m.c.i.e.AbstractTransferListenerAdapter - Downloaded https://repo.maven.apache.org/maven2/io/takari/m2e/workspace/org.eclipse.m2e.workspace.cli/0.3.1/org.eclipse.m2e.workspace.cli-0.3.1-sources.jar
2015-11-22 15:17:38,043 [Worker-22] INFO  o.e.m.c.i.e.AbstractTransferListenerAdapter - Downloading https://repo.maven.apache.org/maven2/org/codehaus/plexus/plexus-classworlds/2.5.2/plexus-classworlds-2.5.2-sources.jar
2015-11-22 15:17:38,276 [Worker-22] INFO  o.e.m.c.i.e.AbstractTransferListenerAdapter - Downloaded https://repo.maven.apache.org/maven2/org/codehaus/plexus/plexus-classworlds/2.5.2/plexus-classworlds-2.5.2-sources.jar
2015-11-22 15:17:38,861 [Worker-22] INFO  o.e.m.c.i.e.AbstractTransferListenerAdapter - Downloading https://repo.maven.apache.org/maven2/io/takari/aether/takari-local-repository/0.9.0/takari-local-repository-0.9.0-sources.jar
2015-11-22 15:17:38,929 [Worker-22] INFO  o.e.m.c.i.e.AbstractTransferListenerAdapter - Downloaded https://repo.maven.apache.org/maven2/io/takari/aether/takari-local-repository/0.9.0/takari-local-repository-0.9.0-sources.jar
2015-11-22 15:17:39,289 [Worker-22] INFO  o.e.m.c.i.e.AbstractTransferListenerAdapter - Downloading https://repo.maven.apache.org/maven2/io/takari/takari-filemanager/0.7.0/takari-filemanager-0.7.0-sources.jar
2015-11-22 15:17:39,389 [Worker-22] INFO  o.e.m.c.i.e.AbstractTransferListenerAdapter - Downloaded https://repo.maven.apache.org/maven2/io/takari/takari-filemanager/0.7.0/takari-filemanager-0.7.0-sources.jar
2015-11-22 15:17:40,311 [Worker-22] INFO  o.e.m.c.i.e.AbstractTransferListenerAdapter - Downloading https://repo.maven.apache.org/maven2/org/apache/maven/maven-core/3.3.3/maven-core-3.3.3-sources.jar
2015-11-22 15:17:41,991 [Worker-22] INFO  o.e.m.c.i.e.AbstractTransferListenerAdapter - Downloaded https://repo.maven.apache.org/maven2/org/apache/maven/maven-core/3.3.3/maven-core-3.3.3-sources.jar
2015-11-22 15:17:42,424 [Worker-22] INFO  o.e.m.c.i.e.AbstractTransferListenerAdapter - Downloading https://repo.maven.apache.org/maven2/org/apache/maven/maven-model/3.3.3/maven-model-3.3.3-sources.jar
2015-11-22 15:17:43,285 [Worker-22] INFO  o.e.m.c.i.e.AbstractTransferListenerAdapter - Downloaded https://repo.maven.apache.org/maven2/org/apache/maven/maven-model/3.3.3/maven-model-3.3.3-sources.jar
2015-11-22 15:17:43,802 [Worker-22] INFO  o.e.m.c.i.e.AbstractTransferListenerAdapter - Downloading https://repo.maven.apache.org/maven2/org/apache/maven/maven-settings/3.3.3/maven-settings-3.3.3-sources.jar
2015-11-22 15:17:43,967 [Worker-22] INFO  o.e.m.c.i.e.AbstractTransferListenerAdapter - Downloaded https://repo.maven.apache.org/maven2/org/apache/maven/maven-settings/3.3.3/maven-settings-3.3.3-sources.jar
2015-11-22 15:17:44,292 [Worker-22] INFO  o.e.m.c.i.e.AbstractTransferListenerAdapter - Downloading https://repo.maven.apache.org/maven2/org/apache/maven/maven-settings-builder/3.3.3/maven-settings-builder-3.3.3-sources.jar
2015-11-22 15:17:44,587 [Worker-22] INFO  o.e.m.c.i.e.AbstractTransferListenerAdapter - Downloaded https://repo.maven.apache.org/maven2/org/apache/maven/maven-settings-builder/3.3.3/maven-settings-builder-3.3.3-sources.jar
2015-11-22 15:17:44,911 [Worker-22] INFO  o.e.m.c.i.e.AbstractTransferListenerAdapter - Downloading https://repo.maven.apache.org/maven2/org/apache/maven/maven-builder-support/3.3.3/maven-builder-support-3.3.3-sources.jar
2015-11-22 15:17:45,044 [Worker-22] INFO  o.e.m.c.i.e.AbstractTransferListenerAdapter - Downloaded https://repo.maven.apache.org/maven2/org/apache/maven/maven-builder-support/3.3.3/maven-builder-support-3.3.3-sources.jar
2015-11-22 15:17:45,376 [Worker-22] INFO  o.e.m.c.i.e.AbstractTransferListenerAdapter - Downloading https://repo.maven.apache.org/maven2/org/apache/maven/maven-repository-metadata/3.3.3/maven-repository-metadata-3.3.3-sources.jar
2015-11-22 15:17:45,485 [Worker-22] INFO  o.e.m.c.i.e.AbstractTransferListenerAdapter - Downloaded https://repo.maven.apache.org/maven2/org/apache/maven/maven-repository-metadata/3.3.3/maven-repository-metadata-3.3.3-sources.jar
2015-11-22 15:17:46,027 [Worker-22] INFO  o.e.m.c.i.e.AbstractTransferListenerAdapter - Downloading https://repo.maven.apache.org/maven2/org/apache/maven/maven-artifact/3.3.3/maven-artifact-3.3.3-sources.jar
2015-11-22 15:17:46,441 [Worker-22] INFO  o.e.m.c.i.e.AbstractTransferListenerAdapter - Downloaded https://repo.maven.apache.org/maven2/org/apache/maven/maven-artifact/3.3.3/maven-artifact-3.3.3-sources.jar
2015-11-22 15:17:47,008 [Worker-22] INFO  o.e.m.c.i.e.AbstractTransferListenerAdapter - Downloading https://repo.maven.apache.org/maven2/org/apache/maven/maven-plugin-api/3.3.3/maven-plugin-api-3.3.3-sources.jar
2015-11-22 15:17:47,202 [Worker-22] INFO  o.e.m.c.i.e.AbstractTransferListenerAdapter - Downloaded https://repo.maven.apache.org/maven2/org/apache/maven/maven-plugin-api/3.3.3/maven-plugin-api-3.3.3-sources.jar
2015-11-22 15:17:47,576 [Worker-22] INFO  o.e.m.c.i.e.AbstractTransferListenerAdapter - Downloading https://repo.maven.apache.org/maven2/org/apache/maven/maven-model-builder/3.3.3/maven-model-builder-3.3.3-sources.jar
2015-11-22 15:17:48,114 [Worker-22] INFO  o.e.m.c.i.e.AbstractTransferListenerAdapter - Downloaded https://repo.maven.apache.org/maven2/org/apache/maven/maven-model-builder/3.3.3/maven-model-builder-3.3.3-sources.jar
2015-11-22 15:17:48,497 [Worker-22] INFO  o.e.m.c.i.e.AbstractTransferListenerAdapter - Downloading https://repo.maven.apache.org/maven2/org/apache/maven/maven-aether-provider/3.3.3/maven-aether-provider-3.3.3-sources.jar
2015-11-22 15:17:48,694 [Worker-22] INFO  o.e.m.c.i.e.AbstractTransferListenerAdapter - Downloaded https://repo.maven.apache.org/maven2/org/apache/maven/maven-aether-provider/3.3.3/maven-aether-provider-3.3.3-sources.jar
2015-11-22 15:17:49,212 [Worker-22] INFO  o.e.m.c.i.e.AbstractTransferListenerAdapter - Downloading https://repo.maven.apache.org/maven2/org/eclipse/aether/aether-api/1.0.2.v20150114/aether-api-1.0.2.v20150114-sources.jar
2015-11-22 15:17:49,966 [Worker-22] INFO  o.e.m.c.i.e.AbstractTransferListenerAdapter - Downloaded https://repo.maven.apache.org/maven2/org/eclipse/aether/aether-api/1.0.2.v20150114/aether-api-1.0.2.v20150114-sources.jar
2015-11-22 15:17:50,381 [Worker-22] INFO  o.e.m.c.i.e.AbstractTransferListenerAdapter - Downloading https://repo.maven.apache.org/maven2/org/eclipse/aether/aether-util/1.0.2.v20150114/aether-util-1.0.2.v20150114-sources.jar
2015-11-22 15:17:50,784 [Worker-22] INFO  o.e.m.c.i.e.AbstractTransferListenerAdapter - Downloaded https://repo.maven.apache.org/maven2/org/eclipse/aether/aether-util/1.0.2.v20150114/aether-util-1.0.2.v20150114-sources.jar
2015-11-22 15:17:51,333 [Worker-22] INFO  o.e.m.c.i.e.AbstractTransferListenerAdapter - Downloading https://repo.maven.apache.org/maven2/org/codehaus/plexus/plexus-interpolation/1.21/plexus-interpolation-1.21-sources.jar
2015-11-22 15:17:51,596 [Worker-22] INFO  o.e.m.c.i.e.AbstractTransferListenerAdapter - Downloaded https://repo.maven.apache.org/maven2/org/codehaus/plexus/plexus-interpolation/1.21/plexus-interpolation-1.21-sources.jar
2015-11-22 15:17:51,976 [Worker-22] INFO  o.e.m.c.i.e.AbstractTransferListenerAdapter - Downloading https://repo.maven.apache.org/maven2/org/codehaus/plexus/plexus-utils/3.0.20/plexus-utils-3.0.20-sources.jar
2015-11-22 15:17:53,106 [Worker-22] INFO  o.e.m.c.i.e.AbstractTransferListenerAdapter - Downloaded https://repo.maven.apache.org/maven2/org/codehaus/plexus/plexus-utils/3.0.20/plexus-utils-3.0.20-sources.jar
2015-11-22 15:17:53,425 [Worker-22] INFO  o.e.m.c.i.e.AbstractTransferListenerAdapter - Downloading https://repo.maven.apache.org/maven2/org/codehaus/plexus/plexus-component-annotations/1.5.5/plexus-component-annotations-1.5.5-sources.jar
2015-11-22 15:17:53,494 [Worker-22] INFO  o.e.m.c.i.e.AbstractTransferListenerAdapter - Downloaded https://repo.maven.apache.org/maven2/org/codehaus/plexus/plexus-component-annotations/1.5.5/plexus-component-annotations-1.5.5-sources.jar
2015-11-22 15:17:53,852 [Worker-22] INFO  o.e.m.c.i.e.AbstractTransferListenerAdapter - Downloading https://repo.maven.apache.org/maven2/org/sonatype/plexus/plexus-sec-dispatcher/1.3/plexus-sec-dispatcher-1.3-sources.jar
2015-11-22 15:17:53,972 [Worker-22] INFO  o.e.m.c.i.e.AbstractTransferListenerAdapter - Downloaded https://repo.maven.apache.org/maven2/org/sonatype/plexus/plexus-sec-dispatcher/1.3/plexus-sec-dispatcher-1.3-sources.jar
2015-11-22 15:17:54,326 [Worker-22] INFO  o.e.m.c.i.e.AbstractTransferListenerAdapter - Downloading https://repo.maven.apache.org/maven2/org/apache/maven/maven-embedder/3.3.3/maven-embedder-3.3.3-sources.jar
2015-11-22 15:17:54,600 [Worker-22] INFO  o.e.m.c.i.e.AbstractTransferListenerAdapter - Downloaded https://repo.maven.apache.org/maven2/org/apache/maven/maven-embedder/3.3.3/maven-embedder-3.3.3-sources.jar
2015-11-22 15:17:55,063 [Worker-22] INFO  o.e.m.c.i.e.AbstractTransferListenerAdapter - Downloading https://repo.maven.apache.org/maven2/org/sonatype/plexus/plexus-cipher/1.7/plexus-cipher-1.7-sources.jar
2015-11-22 15:17:55,132 [Worker-22] INFO  o.e.m.c.i.e.AbstractTransferListenerAdapter - Downloaded https://repo.maven.apache.org/maven2/org/sonatype/plexus/plexus-cipher/1.7/plexus-cipher-1.7-sources.jar
2015-11-22 15:17:55,486 [Worker-22] INFO  o.e.m.c.i.e.AbstractTransferListenerAdapter - Downloading https://repo.maven.apache.org/maven2/commons-cli/commons-cli/1.2/commons-cli-1.2-sources.jar
2015-11-22 15:17:55,934 [Worker-22] INFO  o.e.m.c.i.e.AbstractTransferListenerAdapter - Downloaded https://repo.maven.apache.org/maven2/commons-cli/commons-cli/1.2/commons-cli-1.2-sources.jar
2015-11-22 15:17:57,268 [Worker-22] INFO  o.e.m.c.i.e.AbstractTransferListenerAdapter - Downloading https://repo.maven.apache.org/maven2/org/apache/maven/maven-compat/3.3.3/maven-compat-3.3.3-sources.jar
2015-11-22 15:17:57,965 [Worker-22] INFO  o.e.m.c.i.e.AbstractTransferListenerAdapter - Downloaded https://repo.maven.apache.org/maven2/org/apache/maven/maven-compat/3.3.3/maven-compat-3.3.3-sources.jar
2015-11-22 15:17:58,457 [Worker-22] INFO  o.e.m.c.i.e.AbstractTransferListenerAdapter - Downloading https://repo.maven.apache.org/maven2/org/apache/maven/wagon/wagon-provider-api/2.9/wagon-provider-api-2.9-sources.jar
2015-11-22 15:17:59,106 [Worker-22] INFO  o.e.m.c.i.e.AbstractTransferListenerAdapter - Downloaded https://repo.maven.apache.org/maven2/org/apache/maven/wagon/wagon-provider-api/2.9/wagon-provider-api-2.9-sources.jar
2015-11-22 15:17:59,435 [Worker-22] INFO  o.e.m.c.i.e.AbstractTransferListenerAdapter - Downloading https://repo.maven.apache.org/maven2/javax/enterprise/cdi-api/1.0/cdi-api-1.0-sources.jar
2015-11-22 15:17:59,866 [Worker-22] INFO  o.e.m.c.i.e.AbstractTransferListenerAdapter - Downloaded https://repo.maven.apache.org/maven2/javax/enterprise/cdi-api/1.0/cdi-api-1.0-sources.jar
2015-11-22 15:18:00,582 [Worker-22] INFO  o.e.m.c.i.e.AbstractTransferListenerAdapter - Downloading https://repo.maven.apache.org/maven2/com/google/guava/guava/18.0/guava-18.0-sources.jar
2015-11-22 15:18:04,303 [Worker-22] INFO  o.e.m.c.i.e.AbstractTransferListenerAdapter - Downloaded https://repo.maven.apache.org/maven2/com/google/guava/guava/18.0/guava-18.0-sources.jar
2015-11-22 15:18:04,918 [Worker-22] INFO  o.e.m.c.i.e.AbstractTransferListenerAdapter - Downloading https://repo.maven.apache.org/maven2/org/eclipse/aether/aether-impl/1.0.2.v20150114/aether-impl-1.0.2.v20150114-sources.jar
2015-11-22 15:18:05,677 [Worker-22] INFO  o.e.m.c.i.e.AbstractTransferListenerAdapter - Downloaded https://repo.maven.apache.org/maven2/org/eclipse/aether/aether-impl/1.0.2.v20150114/aether-impl-1.0.2.v20150114-sources.jar
2015-11-22 15:18:06,071 [Worker-22] INFO  o.e.m.c.i.e.AbstractTransferListenerAdapter - Downloading https://repo.maven.apache.org/maven2/org/eclipse/aether/aether-spi/1.0.2.v20150114/aether-spi-1.0.2.v20150114-sources.jar
2015-11-22 15:18:06,275 [Worker-22] INFO  o.e.m.c.i.e.AbstractTransferListenerAdapter - Downloaded https://repo.maven.apache.org/maven2/org/eclipse/aether/aether-spi/1.0.2.v20150114/aether-spi-1.0.2.v20150114-sources.jar
2015-11-22 15:18:06,602 [Worker-22] INFO  o.e.m.c.i.e.AbstractTransferListenerAdapter - Downloading https://repo.maven.apache.org/maven2/io/takari/aether/aether-connector-okhttp/0.15.0/aether-connector-okhttp-0.15.0-sources.jar
2015-11-22 15:18:06,742 [Worker-22] INFO  o.e.m.c.i.e.AbstractTransferListenerAdapter - Downloaded https://repo.maven.apache.org/maven2/io/takari/aether/aether-connector-okhttp/0.15.0/aether-connector-okhttp-0.15.0-sources.jar
2015-11-22 15:18:07,531 [Worker-22] INFO  o.e.m.c.i.e.AbstractTransferListenerAdapter - Downloading https://repo.maven.apache.org/maven2/com/squareup/okhttp/okhttp/2.3.0/okhttp-2.3.0-sources.jar
2015-11-22 15:18:08,269 [Worker-22] INFO  o.e.m.c.i.e.AbstractTransferListenerAdapter - Downloaded https://repo.maven.apache.org/maven2/com/squareup/okhttp/okhttp/2.3.0/okhttp-2.3.0-sources.jar
2015-11-22 15:18:08,727 [Worker-22] INFO  o.e.m.c.i.e.AbstractTransferListenerAdapter - Downloading https://repo.maven.apache.org/maven2/com/squareup/okio/okio/1.3.0/okio-1.3.0-sources.jar
2015-11-22 15:18:09,041 [Worker-22] INFO  o.e.m.c.i.e.AbstractTransferListenerAdapter - Downloaded https://repo.maven.apache.org/maven2/com/squareup/okio/okio/1.3.0/okio-1.3.0-sources.jar
2015-11-22 15:18:09,465 [Worker-22] INFO  o.e.m.c.i.e.AbstractTransferListenerAdapter - Downloading https://repo.maven.apache.org/maven2/org/eclipse/aether/aether-connector-basic/1.0.2.v20150114/aether-connector-basic-1.0.2.v20150114-sources.jar
2015-11-22 15:18:09,543 [Worker-22] INFO  o.e.m.c.i.e.AbstractTransferListenerAdapter - Downloaded https://repo.maven.apache.org/maven2/org/eclipse/aether/aether-connector-basic/1.0.2.v20150114/aether-connector-basic-1.0.2.v20150114-sources.jar
2015-11-22 15:18:10,344 [Worker-22] INFO  o.e.m.c.i.e.AbstractTransferListenerAdapter - Downloading https://repo.maven.apache.org/maven2/org/eclipse/aether/aether-transport-wagon/1.0.2.v20150114/aether-transport-wagon-1.0.2.v20150114-sources.jar
2015-11-22 15:18:10,413 [Worker-22] INFO  o.e.m.c.i.e.AbstractTransferListenerAdapter - Downloaded https://repo.maven.apache.org/maven2/org/eclipse/aether/aether-transport-wagon/1.0.2.v20150114/aether-transport-wagon-1.0.2.v20150114-sources.jar
2015-11-22 15:18:10,736 [Worker-22] INFO  o.e.m.c.i.e.AbstractTransferListenerAdapter - Downloading https://repo.maven.apache.org/maven2/org/apache/maven/wagon/wagon-file/2.9/wagon-file-2.9-sources.jar
2015-11-22 15:18:10,806 [Worker-22] INFO  o.e.m.c.i.e.AbstractTransferListenerAdapter - Downloaded https://repo.maven.apache.org/maven2/org/apache/maven/wagon/wagon-file/2.9/wagon-file-2.9-sources.jar
2015-11-22 15:18:11,095 [Worker-22] INFO  o.e.m.c.i.e.AbstractTransferListenerAdapter - Downloading https://repo.maven.apache.org/maven2/commons-lang/commons-lang/2.6/commons-lang-2.6-sources.jar
2015-11-22 15:18:12,934 [Worker-22] INFO  o.e.m.c.i.e.AbstractTransferListenerAdapter - Downloaded https://repo.maven.apache.org/maven2/commons-lang/commons-lang/2.6/commons-lang-2.6-sources.jar
2015-11-22 15:18:13,947 [Worker-22] INFO  o.e.m.c.i.e.AbstractTransferListenerAdapter - Downloading https://repo.maven.apache.org/maven2/org/slf4j/slf4j-simple/1.7.5/slf4j-simple-1.7.5-sources.jar
2015-11-22 15:18:14,048 [Worker-22] INFO  o.e.m.c.i.e.AbstractTransferListenerAdapter - Downloaded https://repo.maven.apache.org/maven2/org/slf4j/slf4j-simple/1.7.5/slf4j-simple-1.7.5-sources.jar
2015-11-22 15:19:47,504 [Worker-4] INFO  o.e.m.i.launch.MavenLaunchDelegate - C:\Users\Denis\Desktop\ÂÃÓ\3 êóðñ\NetCracker\Lab2\testproject2
2015-11-22 15:19:47,506 [Worker-4] INFO  o.e.m.i.launch.MavenLaunchDelegate -  mvn  -B compile
2015-11-22 15:20:23,886 [Worker-21] INFO  o.e.m.i.launch.MavenLaunchDelegate - C:\Users\Denis\Desktop\ÂÃÓ\3 êóðñ\NetCracker\Lab2\testproject2
2015-11-22 15:20:23,887 [Worker-21] INFO  o.e.m.i.launch.MavenLaunchDelegate -  mvn  -B install
2015-11-22 21:52:13,655 [Worker-20] INFO  o.e.m.c.i.embedder.EclipseLogger - Using 'UTF-8' encoding to copy filtered resources.
2015-11-22 21:52:13,717 [Worker-20] INFO  o.e.m.c.i.embedder.EclipseLogger - Copying 0 resource
2015-11-22 21:52:13,728 [Worker-20] INFO  o.e.m.c.i.embedder.EclipseLogger - Using 'UTF-8' encoding to copy filtered resources.
2015-11-22 21:52:13,732 [Worker-20] INFO  o.e.m.c.i.embedder.EclipseLogger - Copying 0 resource
2015-11-22 21:54:06,492 [Worker-16] INFO  o.e.m.c.i.embedder.EclipseLogger - Using 'UTF-8' encoding to copy filtered resources.
2015-11-22 21:54:06,499 [Worker-16] INFO  o.e.m.c.i.embedder.EclipseLogger - Copying 0 resource
2015-11-22 21:54:06,505 [Worker-16] INFO  o.e.m.c.i.embedder.EclipseLogger - Using 'UTF-8' encoding to copy filtered resources.
2015-11-22 21:54:06,532 [Worker-16] INFO  o.e.m.c.i.embedder.EclipseLogger - Copying 0 resource
2015-11-23 14:53:52,317 [Worker-3] INFO  o.e.m.c.i.embedder.EclipseLogger - Using 'UTF-8' encoding to copy filtered resources.
2015-11-23 14:53:52,372 [Worker-3] INFO  o.e.m.c.i.embedder.EclipseLogger - Copying 0 resource
2015-11-23 14:53:52,381 [Worker-3] INFO  o.e.m.c.i.embedder.EclipseLogger - Using 'UTF-8' encoding to copy filtered resources.
2015-11-23 14:53:52,384 [Worker-3] INFO  o.e.m.c.i.embedder.EclipseLogger - Copying 0 resource
2015-11-23 14:54:06,547 [Worker-14] INFO  o.e.m.i.launch.MavenLaunchDelegate - C:\Users\Denis\Desktop\ÂÃÓ\3 êóðñ\NetCracker\Lab2\testproject2
2015-11-23 14:54:06,552 [Worker-14] INFO  o.e.m.i.launch.MavenLaunchDelegate -  mvn  -B install
2015-11-23 15:02:35,588 [Worker-9] INFO  o.e.m.c.i.embedder.EclipseLogger - Using 'UTF-8' encoding to copy filtered resources.
2015-11-23 15:02:35,623 [Worker-9] INFO  o.e.m.c.i.embedder.EclipseLogger - Copying 0 resource
2015-11-23 15:02:35,629 [Worker-9] INFO  o.e.m.c.i.embedder.EclipseLogger - Using 'UTF-8' encoding to copy filtered resources.
2015-11-23 15:02:35,651 [Worker-9] INFO  o.e.m.c.i.embedder.EclipseLogger - Copying 0 resource
2015-11-23 15:10:10,231 [Worker-4] INFO  o.e.m.c.i.embedder.EclipseLogger - Using 'UTF-8' encoding to copy filtered resources.
2015-11-23 15:10:10,233 [Worker-4] INFO  o.e.m.c.i.embedder.EclipseLogger - Copying 0 resource
2015-11-23 15:10:10,241 [Worker-4] INFO  o.e.m.c.i.embedder.EclipseLogger - Using 'UTF-8' encoding to copy filtered resources.
2015-11-23 15:10:10,245 [Worker-4] INFO  o.e.m.c.i.embedder.EclipseLogger - Copying 0 resource
2015-11-23 15:14:22,842 [Worker-5] INFO  o.e.m.c.i.embedder.EclipseLogger - Using 'UTF-8' encoding to copy filtered resources.
2015-11-23 15:14:22,843 [Worker-5] INFO  o.e.m.c.i.embedder.EclipseLogger - Copying 0 resource
2015-11-23 15:14:22,849 [Worker-5] INFO  o.e.m.c.i.embedder.EclipseLogger - Using 'UTF-8' encoding to copy filtered resources.
2015-11-23 15:14:22,853 [Worker-5] INFO  o.e.m.c.i.embedder.EclipseLogger - Copying 0 resource
2015-11-23 15:15:01,045 [Worker-4] INFO  o.e.m.c.i.embedder.EclipseLogger - Using 'UTF-8' encoding to copy filtered resources.
2015-11-23 15:15:01,048 [Worker-4] INFO  o.e.m.c.i.embedder.EclipseLogger - Copying 0 resource
2015-11-23 15:15:01,057 [Worker-4] INFO  o.e.m.c.i.embedder.EclipseLogger - Using 'UTF-8' encoding to copy filtered resources.
2015-11-23 15:15:01,199 [Worker-4] INFO  o.e.m.c.i.embedder.EclipseLogger - Copying 0 resource
2015-11-23 15:22:06,362 [Worker-4] INFO  o.e.m.c.i.embedder.EclipseLogger - Using 'UTF-8' encoding to copy filtered resources.
2015-11-23 15:22:06,404 [Worker-4] INFO  o.e.m.c.i.embedder.EclipseLogger - Copying 0 resource
2015-11-23 15:22:06,419 [Worker-4] INFO  o.e.m.c.i.embedder.EclipseLogger - Using 'UTF-8' encoding to copy filtered resources.
2015-11-23 15:22:06,424 [Worker-4] INFO  o.e.m.c.i.embedder.EclipseLogger - Copying 0 resource
2015-11-23 17:09:11,655 [Worker-16] INFO  o.e.m.c.i.embedder.EclipseLogger - Using 'UTF-8' encoding to copy filtered resources.
2015-11-23 17:09:11,730 [Worker-16] INFO  o.e.m.c.i.embedder.EclipseLogger - Copying 0 resource
2015-11-23 17:09:11,740 [Worker-16] INFO  o.e.m.c.i.embedder.EclipseLogger - Using 'UTF-8' encoding to copy filtered resources.
2015-11-23 17:09:11,743 [Worker-16] INFO  o.e.m.c.i.embedder.EclipseLogger - Copying 0 resource
2015-11-23 17:13:24,123 [Worker-2] INFO  o.e.m.c.i.embedder.EclipseLogger - Using 'UTF-8' encoding to copy filtered resources.
2015-11-23 17:13:24,131 [Worker-2] INFO  o.e.m.c.i.embedder.EclipseLogger - Copying 0 resource
2015-11-23 17:13:24,137 [Worker-2] INFO  o.e.m.c.i.embedder.EclipseLogger - Using 'UTF-8' encoding to copy filtered resources.
2015-11-23 17:13:24,147 [Worker-2] INFO  o.e.m.c.i.embedder.EclipseLogger - Copying 0 resource
2015-11-23 17:13:50,434 [Worker-3] INFO  o.e.m.c.i.embedder.EclipseLogger - Using 'UTF-8' encoding to copy filtered resources.
2015-11-23 17:13:50,440 [Worker-3] INFO  o.e.m.c.i.embedder.EclipseLogger - Copying 0 resource
2015-11-23 17:13:50,446 [Worker-3] INFO  o.e.m.c.i.embedder.EclipseLogger - Using 'UTF-8' encoding to copy filtered resources.
2015-11-23 17:13:50,450 [Worker-3] INFO  o.e.m.c.i.embedder.EclipseLogger - Copying 0 resource
2015-11-23 17:14:04,456 [Worker-19] INFO  o.e.m.c.i.l.LifecycleMappingFactory - Using org.eclipse.m2e.jdt.JarLifecycleMapping lifecycle mapping for MavenProject: netcracker:testproject2:0.0.1-SNAPSHOT @ C:\Users\Denis\Desktop\ÂÃÓ\3 êóðñ\NetCracker\Lab2\testproject2\pom.xml.
2015-11-23 17:14:06,544 [Worker-19] INFO  o.e.m.c.i.embedder.EclipseLogger - Using 'UTF-8' encoding to copy filtered resources.
2015-11-23 17:14:06,552 [Worker-19] INFO  o.e.m.c.i.embedder.EclipseLogger - Copying 0 resource
2015-11-23 17:14:06,560 [Worker-19] INFO  o.e.m.c.i.embedder.EclipseLogger - Using 'UTF-8' encoding to copy filtered resources.
2015-11-23 17:14:06,562 [Worker-19] INFO  o.e.m.c.i.embedder.EclipseLogger - Copying 0 resource
2015-11-23 17:14:08,405 [Worker-20] INFO  o.e.m.c.i.embedder.EclipseLogger - Using 'UTF-8' encoding to copy filtered resources.
2015-11-23 17:14:08,408 [Worker-20] INFO  o.e.m.c.i.embedder.EclipseLogger - Copying 0 resource
2015-11-23 17:14:08,414 [Worker-20] INFO  o.e.m.c.i.embedder.EclipseLogger - Using 'UTF-8' encoding to copy filtered resources.
2015-11-23 17:14:08,417 [Worker-20] INFO  o.e.m.c.i.embedder.EclipseLogger - Copying 0 resource
2015-11-23 17:15:15,086 [Worker-21] INFO  o.e.m.c.i.embedder.EclipseLogger - Using 'UTF-8' encoding to copy filtered resources.
2015-11-23 17:15:15,090 [Worker-21] INFO  o.e.m.c.i.embedder.EclipseLogger - Copying 0 resource
2015-11-23 17:15:15,103 [Worker-21] INFO  o.e.m.c.i.embedder.EclipseLogger - Using 'UTF-8' encoding to copy filtered resources.
2015-11-23 17:15:15,105 [Worker-21] INFO  o.e.m.c.i.embedder.EclipseLogger - Copying 0 resource
2015-11-23 17:19:19,710 [main] INFO  o.e.m.c.i.l.LifecycleMappingFactory - Using org.eclipse.m2e.jdt.JarLifecycleMapping lifecycle mapping for MavenProject: netcracker:testproject2:0.0.1-SNAPSHOT @ C:\Users\Denis\Desktop\ÂÃÓ\3 êóðñ\NetCracker\Lab2\testproject2\pom.xml.
2015-11-23 17:27:31,055 [Worker-20] INFO  o.e.m.c.i.embedder.EclipseLogger - Using 'UTF-8' encoding to copy filtered resources.
2015-11-23 17:27:31,064 [Worker-20] INFO  o.e.m.c.i.embedder.EclipseLogger - Copying 0 resource
2015-11-23 17:27:31,081 [Worker-20] INFO  o.e.m.c.i.embedder.EclipseLogger - Using 'UTF-8' encoding to copy filtered resources.
2015-11-23 17:27:31,083 [Worker-20] INFO  o.e.m.c.i.embedder.EclipseLogger - Copying 0 resource
2015-11-23 17:29:09,524 [Worker-24] INFO  o.e.m.i.launch.MavenLaunchDelegate - C:\Users\Denis\Desktop\ÂÃÓ\3 êóðñ\NetCracker\Lab2\testproject2
2015-11-23 17:29:09,525 [Worker-24] INFO  o.e.m.i.launch.MavenLaunchDelegate -  mvn  -B install
2015-11-23 17:36:49,076 [Worker-2] INFO  o.e.m.i.launch.MavenLaunchDelegate - C:\Users\Denis\Desktop\ÂÃÓ\3 êóðñ\NetCracker\Lab2\testproject2
2015-11-23 17:36:49,078 [Worker-2] INFO  o.e.m.i.launch.MavenLaunchDelegate -  mvn  -B install
2015-11-23 17:58:11,122 [Worker-23] INFO  o.e.m.c.i.embedder.EclipseLogger - Using 'UTF-8' encoding to copy filtered resources.
2015-11-23 17:58:11,123 [Worker-23] INFO  o.e.m.c.i.embedder.EclipseLogger - Copying 0 resource
2015-11-23 17:58:11,135 [Worker-23] INFO  o.e.m.c.i.embedder.EclipseLogger - Using 'UTF-8' encoding to copy filtered resources.
2015-11-23 17:58:11,137 [Worker-23] INFO  o.e.m.c.i.embedder.EclipseLogger - Copying 0 resource
2015-11-23 17:58:15,516 [Worker-29] INFO  o.e.m.c.i.l.LifecycleMappingFactory - Using org.eclipse.m2e.jdt.JarLifecycleMapping lifecycle mapping for MavenProject: netcracker:testproject2:0.0.1-SNAPSHOT @ C:\Users\Denis\Desktop\ÂÃÓ\3 êóðñ\NetCracker\Lab2\testproject2\pom.xml.
2015-11-23 17:58:16,726 [Worker-29] INFO  o.e.m.c.i.embedder.EclipseLogger - Using 'UTF-8' encoding to copy filtered resources.
2015-11-23 17:58:16,733 [Worker-29] INFO  o.e.m.c.i.embedder.EclipseLogger - Copying 0 resource
2015-11-23 17:58:16,742 [Worker-29] INFO  o.e.m.c.i.embedder.EclipseLogger - Using 'UTF-8' encoding to copy filtered resources.
2015-11-23 17:58:16,744 [Worker-29] INFO  o.e.m.c.i.embedder.EclipseLogger - Copying 0 resource
2015-11-23 18:00:20,301 [Worker-33] INFO  o.e.m.c.i.embedder.EclipseLogger - Using 'UTF-8' encoding to copy filtered resources.
2015-11-23 18:00:20,303 [Worker-33] INFO  o.e.m.c.i.embedder.EclipseLogger - Copying 0 resource
2015-11-23 18:00:20,309 [Worker-33] INFO  o.e.m.c.i.embedder.EclipseLogger - Using 'UTF-8' encoding to copy filtered resources.
2015-11-23 18:00:20,311 [Worker-33] INFO  o.e.m.c.i.embedder.EclipseLogger - Copying 0 resource
2015-11-23 18:00:23,949 [Worker-32] INFO  o.e.m.c.i.l.LifecycleMappingFactory - Using org.eclipse.m2e.jdt.JarLifecycleMapping lifecycle mapping for MavenProject: netcracker:testproject2:0.0.1-SNAPSHOT @ C:\Users\Denis\Desktop\ÂÃÓ\3 êóðñ\NetCracker\Lab2\testproject2\pom.xml.
2015-11-23 18:00:24,884 [Worker-32] INFO  o.e.m.c.i.embedder.EclipseLogger - Using 'UTF-8' encoding to copy filtered resources.
2015-11-23 18:00:24,891 [Worker-32] INFO  o.e.m.c.i.embedder.EclipseLogger - Copying 0 resource
2015-11-23 18:00:24,899 [Worker-32] INFO  o.e.m.c.i.embedder.EclipseLogger - Using 'UTF-8' encoding to copy filtered resources.
2015-11-23 18:00:24,901 [Worker-32] INFO  o.e.m.c.i.embedder.EclipseLogger - Copying 0 resource
2015-11-23 18:00:26,525 [Worker-33] INFO  o.e.m.c.i.embedder.EclipseLogger - Using 'UTF-8' encoding to copy filtered resources.
2015-11-23 18:00:26,529 [Worker-33] INFO  o.e.m.c.i.embedder.EclipseLogger - Copying 0 resource
2015-11-23 18:00:26,535 [Worker-33] INFO  o.e.m.c.i.embedder.EclipseLogger - Using 'UTF-8' encoding to copy filtered resources.
2015-11-23 18:00:26,539 [Worker-33] INFO  o.e.m.c.i.embedder.EclipseLogger - Copying 0 resource
2015-11-23 18:01:07,947 [Worker-27] INFO  o.e.m.c.i.embedder.EclipseLogger - Using 'UTF-8' encoding to copy filtered resources.
2015-11-23 18:01:07,949 [Worker-27] INFO  o.e.m.c.i.embedder.EclipseLogger - Copying 0 resource
2015-11-23 18:01:07,954 [Worker-27] INFO  o.e.m.c.i.embedder.EclipseLogger - Using 'UTF-8' encoding to copy filtered resources.
2015-11-23 18:01:07,955 [Worker-27] INFO  o.e.m.c.i.embedder.EclipseLogger - Copying 0 resource
2015-11-23 18:01:08,999 [Worker-32] INFO  o.e.m.c.i.embedder.EclipseLogger - Using 'UTF-8' encoding to copy filtered resources.
2015-11-23 18:01:09,001 [Worker-32] INFO  o.e.m.c.i.embedder.EclipseLogger - Copying 0 resource
2015-11-23 18:01:09,006 [Worker-32] INFO  o.e.m.c.i.embedder.EclipseLogger - Using 'UTF-8' encoding to copy filtered resources.
2015-11-23 18:01:09,008 [Worker-32] INFO  o.e.m.c.i.embedder.EclipseLogger - Copying 0 resource
2015-11-23 18:05:20,223 [Worker-27] INFO  o.e.m.c.i.embedder.EclipseLogger - Using 'UTF-8' encoding to copy filtered resources.
2015-11-23 18:05:20,236 [Worker-27] INFO  o.e.m.c.i.embedder.EclipseLogger - Copying 0 resource
2015-11-23 18:05:20,243 [Worker-27] INFO  o.e.m.c.i.embedder.EclipseLogger - Using 'UTF-8' encoding to copy filtered resources.
2015-11-23 18:05:20,247 [Worker-27] INFO  o.e.m.c.i.embedder.EclipseLogger - Copying 0 resource
2015-11-23 18:06:45,175 [Worker-32] INFO  o.e.m.c.i.embedder.EclipseLogger - Using 'UTF-8' encoding to copy filtered resources.
2015-11-23 18:06:45,180 [Worker-32] INFO  o.e.m.c.i.embedder.EclipseLogger - Copying 0 resource
2015-11-23 18:06:45,189 [Worker-32] INFO  o.e.m.c.i.embedder.EclipseLogger - Using 'UTF-8' encoding to copy filtered resources.
2015-11-23 18:06:45,191 [Worker-32] INFO  o.e.m.c.i.embedder.EclipseLogger - Copying 0 resource
2015-11-23 18:07:26,727 [Worker-33] INFO  o.e.m.c.i.embedder.EclipseLogger - Using 'UTF-8' encoding to copy filtered resources.
2015-11-23 18:07:26,731 [Worker-33] INFO  o.e.m.c.i.embedder.EclipseLogger - Copying 0 resource
2015-11-23 18:07:26,741 [Worker-33] INFO  o.e.m.c.i.embedder.EclipseLogger - Using 'UTF-8' encoding to copy filtered resources.
2015-11-23 18:07:26,742 [Worker-33] INFO  o.e.m.c.i.embedder.EclipseLogger - Copying 0 resource
2015-11-23 18:09:19,057 [Worker-20] INFO  o.e.m.c.i.embedder.EclipseLogger - Using 'UTF-8' encoding to copy filtered resources.
2015-11-23 18:09:19,062 [Worker-20] INFO  o.e.m.c.i.embedder.EclipseLogger - Copying 0 resource
2015-11-23 18:09:19,069 [Worker-20] INFO  o.e.m.c.i.embedder.EclipseLogger - Using 'UTF-8' encoding to copy filtered resources.
2015-11-23 18:09:19,071 [Worker-20] INFO  o.e.m.c.i.embedder.EclipseLogger - Copying 0 resource
2015-11-23 18:09:29,376 [Worker-34] INFO  o.e.m.i.launch.MavenLaunchDelegate - C:\Users\Denis\Desktop\ÂÃÓ\3 êóðñ\NetCracker\Lab2\testproject2
2015-11-23 18:09:29,378 [Worker-34] INFO  o.e.m.i.launch.MavenLaunchDelegate -  mvn  -B install
2015-11-23 18:10:23,243 [Worker-36] INFO  o.e.m.i.launch.MavenLaunchDelegate - C:\Users\Denis\Desktop\ÂÃÓ\3 êóðñ\NetCracker\Lab2\testproject2
2015-11-23 18:10:23,244 [Worker-36] INFO  o.e.m.i.launch.MavenLaunchDelegate -  mvn  -B install
2015-11-23 18:10:23,430 [Worker-20] INFO  o.e.m.c.i.embedder.EclipseLogger - Using 'UTF-8' encoding to copy filtered resources.
2015-11-23 18:10:23,433 [Worker-20] INFO  o.e.m.c.i.embedder.EclipseLogger - Copying 0 resource
2015-11-23 18:10:23,446 [Worker-20] INFO  o.e.m.c.i.embedder.EclipseLogger - Using 'UTF-8' encoding to copy filtered resources.
2015-11-23 18:10:23,452 [Worker-20] INFO  o.e.m.c.i.embedder.EclipseLogger - Copying 0 resource
2015-11-23 18:11:00,137 [Worker-34] INFO  o.e.m.c.i.embedder.EclipseLogger - Using 'UTF-8' encoding to copy filtered resources.
2015-11-23 18:11:00,139 [Worker-34] INFO  o.e.m.c.i.embedder.EclipseLogger - Copying 0 resource
2015-11-23 18:11:00,147 [Worker-34] INFO  o.e.m.c.i.embedder.EclipseLogger - Using 'UTF-8' encoding to copy filtered resources.
2015-11-23 18:11:00,151 [Worker-34] INFO  o.e.m.c.i.embedder.EclipseLogger - Copying 0 resource
2015-11-23 18:11:47,308 [Worker-20] INFO  o.e.m.i.launch.MavenLaunchDelegate - C:\Users\Denis\Desktop\ÂÃÓ\3 êóðñ\NetCracker\Lab2\testproject2
2015-11-23 18:11:47,309 [Worker-20] INFO  o.e.m.i.launch.MavenLaunchDelegate -  mvn  -B install
2015-11-23 18:36:22,730 [Worker-1] INFO  o.e.m.c.i.embedder.EclipseLogger - Using 'UTF-8' encoding to copy filtered resources.
2015-11-23 18:36:22,765 [Worker-1] INFO  o.e.m.c.i.embedder.EclipseLogger - Copying 0 resource
2015-11-23 18:36:22,776 [Worker-1] INFO  o.e.m.c.i.embedder.EclipseLogger - Using 'UTF-8' encoding to copy filtered resources.
2015-11-23 18:36:22,779 [Worker-1] INFO  o.e.m.c.i.embedder.EclipseLogger - Copying 0 resource
2015-11-23 19:52:42,732 [Worker-18] INFO  o.e.m.c.i.embedder.EclipseLogger - Using 'UTF-8' encoding to copy filtered resources.
2015-11-23 19:52:42,743 [Worker-18] INFO  o.e.m.c.i.embedder.EclipseLogger - Copying 0 resource
2015-11-23 19:52:42,750 [Worker-18] INFO  o.e.m.c.i.embedder.EclipseLogger - Using 'UTF-8' encoding to copy filtered resources.
2015-11-23 19:52:42,761 [Worker-18] INFO  o.e.m.c.i.embedder.EclipseLogger - Copying 0 resource
2015-11-23 21:47:33,176 [Worker-5] INFO  o.e.m.i.launch.MavenLaunchDelegate - C:\Users\Denis\Desktop\ÂÃÓ\3 êóðñ\NetCracker\Lab2\testproject2
2015-11-23 21:47:33,212 [Worker-5] INFO  o.e.m.i.launch.MavenLaunchDelegate -  mvn  -B install
2015-11-23 21:51:17,669 [main] INFO  o.e.m.c.i.l.LifecycleMappingFactory - Using org.eclipse.m2e.jdt.JarLifecycleMapping lifecycle mapping for MavenProject: netcracker:testproject2:0.0.1-SNAPSHOT @ C:\Users\Denis\Desktop\ÂÃÓ\3 êóðñ\NetCracker\Lab2\testproject2\pom.xml.
2015-11-23 21:51:53,539 [Worker-14] INFO  o.e.m.c.i.embedder.EclipseLogger - Using 'UTF-8' encoding to copy filtered resources.
2015-11-23 21:51:53,560 [Worker-14] INFO  o.e.m.c.i.embedder.EclipseLogger - Copying 0 resource
2015-11-23 21:51:53,572 [Worker-14] INFO  o.e.m.c.i.embedder.EclipseLogger - Using 'UTF-8' encoding to copy filtered resources.
2015-11-23 21:51:53,574 [Worker-14] INFO  o.e.m.c.i.embedder.EclipseLogger - Copying 0 resource
2015-11-23 21:52:05,582 [Worker-10] INFO  o.e.m.c.i.l.LifecycleMappingFactory - Using org.eclipse.m2e.jdt.JarLifecycleMapping lifecycle mapping for MavenProject: netcracker:testproject2:0.0.1-SNAPSHOT @ C:\Users\Denis\Desktop\ÂÃÓ\3 êóðñ\NetCracker\Lab2\testproject2\pom.xml.
2015-11-23 21:52:07,003 [Worker-10] INFO  o.e.m.c.i.embedder.EclipseLogger - Using 'UTF-8' encoding to copy filtered resources.
2015-11-23 21:52:07,011 [Worker-10] INFO  o.e.m.c.i.embedder.EclipseLogger - Copying 0 resource
2015-11-23 21:52:07,020 [Worker-10] INFO  o.e.m.c.i.embedder.EclipseLogger - Using 'UTF-8' encoding to copy filtered resources.
2015-11-23 21:52:07,022 [Worker-10] INFO  o.e.m.c.i.embedder.EclipseLogger - Copying 0 resource
2015-11-23 21:54:54,888 [Worker-16] INFO  o.e.m.i.launch.MavenLaunchDelegate - C:\Users\Denis\Desktop\ÂÃÓ\3 êóðñ\NetCracker\Lab2\testproject2
2015-11-23 21:54:54,889 [Worker-16] INFO  o.e.m.i.launch.MavenLaunchDelegate -  mvn  -B install
2015-11-23 21:56:07,957 [Worker-13] INFO  o.e.m.c.i.embedder.EclipseLogger - Using 'UTF-8' encoding to copy filtered resources.
2015-11-23 21:56:07,978 [Worker-13] INFO  o.e.m.c.i.embedder.EclipseLogger - Copying 0 resource
2015-11-23 21:56:07,985 [Worker-13] INFO  o.e.m.c.i.embedder.EclipseLogger - Using 'UTF-8' encoding to copy filtered resources.
2015-11-23 21:56:07,986 [Worker-13] INFO  o.e.m.c.i.embedder.EclipseLogger - Copying 0 resource
2015-11-23 21:56:09,289 [Worker-8] INFO  o.e.m.i.launch.MavenLaunchDelegate - C:\Users\Denis\Desktop\ÂÃÓ\3 êóðñ\NetCracker\Lab2\testproject2
2015-11-23 21:56:09,290 [Worker-8] INFO  o.e.m.i.launch.MavenLaunchDelegate -  mvn  -B install
2015-11-23 21:56:47,581 [Worker-25] INFO  o.e.m.i.launch.MavenLaunchDelegate - C:\Users\Denis\Desktop\ÂÃÓ\3 êóðñ\NetCracker\Lab2\testproject2
2015-11-23 21:56:47,582 [Worker-25] INFO  o.e.m.i.launch.MavenLaunchDelegate -  mvn  -B install
2015-11-23 21:58:03,307 [Worker-25] INFO  o.e.m.c.i.embedder.EclipseLogger - Using 'UTF-8' encoding to copy filtered resources.
2015-11-23 21:58:03,309 [Worker-25] INFO  o.e.m.c.i.embedder.EclipseLogger - Copying 0 resource
2015-11-23 21:58:03,319 [Worker-25] INFO  o.e.m.c.i.embedder.EclipseLogger - Using 'UTF-8' encoding to copy filtered resources.
2015-11-23 21:58:03,325 [Worker-25] INFO  o.e.m.c.i.embedder.EclipseLogger - Copying 0 resource
2015-11-23 21:58:06,154 [Worker-23] INFO  o.e.m.i.launch.MavenLaunchDelegate - C:\Users\Denis\Desktop\ÂÃÓ\3 êóðñ\NetCracker\Lab2\testproject2
2015-11-23 21:58:06,155 [Worker-23] INFO  o.e.m.i.launch.MavenLaunchDelegate -  mvn  -B install
2015-11-23 21:59:01,014 [Worker-10] INFO  o.e.m.c.i.embedder.EclipseLogger - Using 'UTF-8' encoding to copy filtered resources.
2015-11-23 21:59:01,017 [Worker-10] INFO  o.e.m.c.i.embedder.EclipseLogger - Copying 0 resource
2015-11-23 21:59:01,024 [Worker-10] INFO  o.e.m.c.i.embedder.EclipseLogger - Using 'UTF-8' encoding to copy filtered resources.
2015-11-23 21:59:01,029 [Worker-10] INFO  o.e.m.c.i.embedder.EclipseLogger - Copying 0 resource
2015-11-23 22:07:06,465 [Worker-16] INFO  o.e.m.c.i.embedder.EclipseLogger - Using 'UTF-8' encoding to copy filtered resources.
2015-11-23 22:07:06,521 [Worker-16] INFO  o.e.m.c.i.embedder.EclipseLogger - Copying 0 resource
2015-11-23 22:07:06,531 [Worker-16] INFO  o.e.m.c.i.embedder.EclipseLogger - Using 'UTF-8' encoding to copy filtered resources.
2015-11-23 22:07:06,533 [Worker-16] INFO  o.e.m.c.i.embedder.EclipseLogger - Copying 0 resource
2015-11-23 22:07:17,911 [Worker-5] INFO  o.e.m.i.launch.MavenLaunchDelegate - C:\Users\Denis\Desktop\ÂÃÓ\3 êóðñ\NetCracker\Lab2\testproject2
2015-11-23 22:07:17,915 [Worker-5] INFO  o.e.m.i.launch.MavenLaunchDelegate -  mvn  -B install
2015-11-23 22:09:24,083 [Worker-14] INFO  o.e.m.i.launch.MavenLaunchDelegate - C:\Users\Denis\Desktop\ÂÃÓ\3 êóðñ\NetCracker\Lab2\testproject2
2015-11-23 22:09:24,084 [Worker-14] INFO  o.e.m.i.launch.MavenLaunchDelegate -  mvn  -B install
2015-11-23 22:09:24,700 [Worker-17] INFO  o.e.m.c.i.embedder.EclipseLogger - Using 'UTF-8' encoding to copy filtered resources.
2015-11-23 22:09:24,727 [Worker-17] INFO  o.e.m.c.i.embedder.EclipseLogger - Copying 0 resource
2015-11-23 22:09:24,733 [Worker-17] INFO  o.e.m.c.i.embedder.EclipseLogger - Using 'UTF-8' encoding to copy filtered resources.
2015-11-23 22:09:24,755 [Worker-17] INFO  o.e.m.c.i.embedder.EclipseLogger - Copying 0 resource
2015-11-23 22:10:13,354 [Worker-2] INFO  o.e.m.i.launch.MavenLaunchDelegate - C:\Users\Denis\Desktop\ÂÃÓ\3 êóðñ\NetCracker\Lab2\testproject2
2015-11-23 22:10:13,355 [Worker-2] INFO  o.e.m.i.launch.MavenLaunchDelegate -  mvn  -B install
2015-11-23 22:10:13,590 [Worker-17] INFO  o.e.m.c.i.embedder.EclipseLogger - Using 'UTF-8' encoding to copy filtered resources.
2015-11-23 22:10:13,592 [Worker-17] INFO  o.e.m.c.i.embedder.EclipseLogger - Copying 0 resource
2015-11-23 22:10:13,601 [Worker-17] INFO  o.e.m.c.i.embedder.EclipseLogger - Using 'UTF-8' encoding to copy filtered resources.
2015-11-23 22:10:13,607 [Worker-17] INFO  o.e.m.c.i.embedder.EclipseLogger - Copying 0 resource
2015-11-24 17:17:51,532 [Worker-8] INFO  o.e.m.c.i.l.LifecycleMappingFactory - Using org.eclipse.m2e.jdt.JarLifecycleMapping lifecycle mapping for MavenProject: netcracker:testproject2:0.0.1-SNAPSHOT @ C:\Users\Denis\Desktop\ÂÃÓ\3 êóðñ\NetCracker\Lab2\testproject2\pom.xml.
2015-11-24 17:17:53,567 [Worker-8] INFO  o.e.m.c.i.embedder.EclipseLogger - Using 'UTF-8' encoding to copy filtered resources.
2015-11-24 17:17:53,631 [Worker-8] INFO  o.e.m.c.i.embedder.EclipseLogger - Copying 0 resource
2015-11-24 17:17:53,644 [Worker-8] INFO  o.e.m.c.i.embedder.EclipseLogger - Using 'UTF-8' encoding to copy filtered resources.
2015-11-24 17:17:53,649 [Worker-8] INFO  o.e.m.c.i.embedder.EclipseLogger - Copying 0 resource
2015-11-24 17:17:56,699 [Worker-16] INFO  o.e.m.c.i.embedder.EclipseLogger - Using 'UTF-8' encoding to copy filtered resources.
2015-11-24 17:17:56,756 [Worker-16] INFO  o.e.m.c.i.embedder.EclipseLogger - Copying 0 resource
2015-11-24 17:17:56,763 [Worker-16] INFO  o.e.m.c.i.embedder.EclipseLogger - Using 'UTF-8' encoding to copy filtered resources.
2015-11-24 17:17:56,767 [Worker-16] INFO  o.e.m.c.i.embedder.EclipseLogger - Copying 0 resource
2015-11-24 17:39:24,884 [Worker-15] INFO  o.e.m.c.i.embedder.EclipseLogger - Using 'UTF-8' encoding to copy filtered resources.
2015-11-24 17:39:24,888 [Worker-15] INFO  o.e.m.c.i.embedder.EclipseLogger - Copying 0 resource
2015-11-24 17:39:24,894 [Worker-15] INFO  o.e.m.c.i.embedder.EclipseLogger - Using 'UTF-8' encoding to copy filtered resources.
2015-11-24 17:39:24,896 [Worker-15] INFO  o.e.m.c.i.embedder.EclipseLogger - Copying 0 resource
2015-11-24 17:43:25,091 [Worker-3] INFO  o.e.m.c.i.embedder.EclipseLogger - Using 'UTF-8' encoding to copy filtered resources.
2015-11-24 17:43:25,095 [Worker-3] INFO  o.e.m.c.i.embedder.EclipseLogger - Copying 0 resource
2015-11-24 17:43:25,102 [Worker-3] INFO  o.e.m.c.i.embedder.EclipseLogger - Using 'UTF-8' encoding to copy filtered resources.
2015-11-24 17:43:25,104 [Worker-3] INFO  o.e.m.c.i.embedder.EclipseLogger - Copying 0 resource
2015-11-24 17:49:57,819 [Worker-3] INFO  o.e.m.c.i.embedder.EclipseLogger - Using 'UTF-8' encoding to copy filtered resources.
2015-11-24 17:49:57,825 [Worker-3] INFO  o.e.m.c.i.embedder.EclipseLogger - Copying 0 resource
2015-11-24 17:49:57,832 [Worker-3] INFO  o.e.m.c.i.embedder.EclipseLogger - Using 'UTF-8' encoding to copy filtered resources.
2015-11-24 17:49:57,834 [Worker-3] INFO  o.e.m.c.i.embedder.EclipseLogger - Copying 0 resource
2015-11-29 22:24:14,797 [Worker-0] INFO  o.e.m.c.i.embedder.EclipseLogger - Using 'UTF-8' encoding to copy filtered resources.
2015-11-29 22:24:14,936 [Worker-0] INFO  o.e.m.c.i.embedder.EclipseLogger - Copying 0 resource
2015-11-29 22:24:14,949 [Worker-0] INFO  o.e.m.c.i.embedder.EclipseLogger - Using 'UTF-8' encoding to copy filtered resources.
2015-11-29 22:24:14,952 [Worker-0] INFO  o.e.m.c.i.embedder.EclipseLogger - Copying 0 resource
2015-11-29 22:27:09,804 [Worker-29] INFO  o.e.m.c.i.embedder.EclipseLogger - Using 'UTF-8' encoding to copy filtered resources.
2015-11-29 22:27:09,957 [Worker-29] INFO  o.e.m.c.i.embedder.EclipseLogger - Copying 0 resource
2015-11-29 22:27:09,967 [Worker-29] INFO  o.e.m.c.i.embedder.EclipseLogger - Using 'UTF-8' encoding to copy filtered resources.
2015-11-29 22:27:09,969 [Worker-29] INFO  o.e.m.c.i.embedder.EclipseLogger - Copying 0 resource
2015-11-29 22:28:07,499 [Worker-33] INFO  o.e.m.c.i.embedder.EclipseLogger - Using 'UTF-8' encoding to copy filtered resources.
2015-11-29 22:28:07,503 [Worker-33] INFO  o.e.m.c.i.embedder.EclipseLogger - Copying 0 resource
2015-11-29 22:28:07,513 [Worker-33] INFO  o.e.m.c.i.embedder.EclipseLogger - Using 'UTF-8' encoding to copy filtered resources.
2015-11-29 22:28:07,514 [Worker-33] INFO  o.e.m.c.i.embedder.EclipseLogger - Copying 0 resource
2015-11-29 22:35:26,161 [Worker-33] INFO  o.e.m.c.i.embedder.EclipseLogger - Using 'UTF-8' encoding to copy filtered resources.
2015-11-29 22:35:26,166 [Worker-33] INFO  o.e.m.c.i.embedder.EclipseLogger - Copying 0 resource
2015-11-29 22:35:26,175 [Worker-33] INFO  o.e.m.c.i.embedder.EclipseLogger - Using 'UTF-8' encoding to copy filtered resources.
2015-11-29 22:35:26,178 [Worker-33] INFO  o.e.m.c.i.embedder.EclipseLogger - Copying 0 resource
2015-11-29 22:36:03,485 [Worker-15] INFO  o.e.m.c.i.embedder.EclipseLogger - Using 'UTF-8' encoding to copy filtered resources.
2015-11-29 22:36:03,489 [Worker-15] INFO  o.e.m.c.i.embedder.EclipseLogger - Copying 0 resource
2015-11-29 22:36:03,495 [Worker-15] INFO  o.e.m.c.i.embedder.EclipseLogger - Using 'UTF-8' encoding to copy filtered resources.
2015-11-29 22:36:03,497 [Worker-15] INFO  o.e.m.c.i.embedder.EclipseLogger - Copying 0 resource
2015-11-29 22:36:52,931 [Worker-17] INFO  o.e.m.c.i.embedder.EclipseLogger - Using 'UTF-8' encoding to copy filtered resources.
2015-11-29 22:36:52,939 [Worker-17] INFO  o.e.m.c.i.embedder.EclipseLogger - Copying 0 resource
2015-11-29 22:36:52,949 [Worker-17] INFO  o.e.m.c.i.embedder.EclipseLogger - Using 'UTF-8' encoding to copy filtered resources.
2015-11-29 22:36:52,951 [Worker-17] INFO  o.e.m.c.i.embedder.EclipseLogger - Copying 0 resource
2015-11-29 22:44:58,709 [Worker-2] INFO  o.e.m.c.i.embedder.EclipseLogger - Using 'UTF-8' encoding to copy filtered resources.
2015-11-29 22:44:58,714 [Worker-2] INFO  o.e.m.c.i.embedder.EclipseLogger - Copying 0 resource
2015-11-29 22:44:58,725 [Worker-2] INFO  o.e.m.c.i.embedder.EclipseLogger - Using 'UTF-8' encoding to copy filtered resources.
2015-11-29 22:44:58,727 [Worker-2] INFO  o.e.m.c.i.embedder.EclipseLogger - Copying 0 resource
2015-11-29 22:45:26,591 [Worker-37] INFO  o.e.m.c.i.embedder.EclipseLogger - Using 'UTF-8' encoding to copy filtered resources.
2015-11-29 22:45:26,595 [Worker-37] INFO  o.e.m.c.i.embedder.EclipseLogger - Copying 0 resource
2015-11-29 22:45:26,601 [Worker-37] INFO  o.e.m.c.i.embedder.EclipseLogger - Using 'UTF-8' encoding to copy filtered resources.
2015-11-29 22:45:26,603 [Worker-37] INFO  o.e.m.c.i.embedder.EclipseLogger - Copying 0 resource
2015-11-29 22:45:40,603 [Worker-32] INFO  o.e.m.i.launch.MavenLaunchDelegate - C:\Users\Denis\Desktop\ÂÃÓ\3 êóðñ\NetCracker\Lab2\testproject2
2015-11-29 22:45:40,605 [Worker-32] INFO  o.e.m.i.launch.MavenLaunchDelegate -  mvn  -B install
2015-11-29 23:00:38,475 [Worker-18] INFO  o.e.m.c.i.embedder.EclipseLogger - Using 'UTF-8' encoding to copy filtered resources.
2015-11-29 23:00:38,519 [Worker-18] INFO  o.e.m.c.i.embedder.EclipseLogger - Copying 0 resource
2015-11-29 23:00:38,530 [Worker-18] INFO  o.e.m.c.i.embedder.EclipseLogger - Using 'UTF-8' encoding to copy filtered resources.
2015-11-29 23:00:38,534 [Worker-18] INFO  o.e.m.c.i.embedder.EclipseLogger - Copying 0 resource
2015-11-30 15:01:12,016 [Worker-22] INFO  o.e.m.c.i.embedder.EclipseLogger - Using 'UTF-8' encoding to copy filtered resources.
2015-11-30 15:01:12,086 [Worker-22] INFO  o.e.m.c.i.embedder.EclipseLogger - Copying 0 resource
2015-11-30 15:01:12,099 [Worker-22] INFO  o.e.m.c.i.embedder.EclipseLogger - Using 'UTF-8' encoding to copy filtered resources.
2015-11-30 15:01:12,102 [Worker-22] INFO  o.e.m.c.i.embedder.EclipseLogger - Copying 0 resource
2015-11-30 15:02:31,610 [Worker-25] INFO  o.e.m.c.i.embedder.EclipseLogger - Using 'UTF-8' encoding to copy filtered resources.
2015-11-30 15:02:31,628 [Worker-25] INFO  o.e.m.c.i.embedder.EclipseLogger - Copying 0 resource
2015-11-30 15:02:31,636 [Worker-25] INFO  o.e.m.c.i.embedder.EclipseLogger - Using 'UTF-8' encoding to copy filtered resources.
2015-11-30 15:02:31,637 [Worker-25] INFO  o.e.m.c.i.embedder.EclipseLogger - Copying 0 resource
2015-11-30 15:04:46,400 [Worker-2] INFO  o.e.m.c.i.embedder.EclipseLogger - Using 'UTF-8' encoding to copy filtered resources.
2015-11-30 15:04:46,404 [Worker-2] INFO  o.e.m.c.i.embedder.EclipseLogger - Copying 0 resource
2015-11-30 15:04:46,410 [Worker-2] INFO  o.e.m.c.i.embedder.EclipseLogger - Using 'UTF-8' encoding to copy filtered resources.
2015-11-30 15:04:46,412 [Worker-2] INFO  o.e.m.c.i.embedder.EclipseLogger - Copying 0 resource
2015-11-30 15:05:04,880 [Worker-25] INFO  o.e.m.c.i.embedder.EclipseLogger - Using 'UTF-8' encoding to copy filtered resources.
2015-11-30 15:05:04,885 [Worker-25] INFO  o.e.m.c.i.embedder.EclipseLogger - Copying 0 resource
2015-11-30 15:05:04,891 [Worker-25] INFO  o.e.m.c.i.embedder.EclipseLogger - Using 'UTF-8' encoding to copy filtered resources.
2015-11-30 15:05:04,893 [Worker-25] INFO  o.e.m.c.i.embedder.EclipseLogger - Copying 0 resource
2015-11-30 15:05:28,989 [Worker-31] INFO  o.e.m.c.i.embedder.EclipseLogger - Using 'UTF-8' encoding to copy filtered resources.
2015-11-30 15:05:28,997 [Worker-31] INFO  o.e.m.c.i.embedder.EclipseLogger - Copying 0 resource
2015-11-30 15:05:29,007 [Worker-31] INFO  o.e.m.c.i.embedder.EclipseLogger - Using 'UTF-8' encoding to copy filtered resources.
2015-11-30 15:05:29,009 [Worker-31] INFO  o.e.m.c.i.embedder.EclipseLogger - Copying 0 resource
2015-11-30 15:06:57,483 [Worker-20] INFO  o.e.m.c.i.embedder.EclipseLogger - Using 'UTF-8' encoding to copy filtered resources.
2015-11-30 15:06:57,491 [Worker-20] INFO  o.e.m.c.i.embedder.EclipseLogger - Copying 0 resource
2015-11-30 15:06:57,499 [Worker-20] INFO  o.e.m.c.i.embedder.EclipseLogger - Using 'UTF-8' encoding to copy filtered resources.
2015-11-30 15:06:57,502 [Worker-20] INFO  o.e.m.c.i.embedder.EclipseLogger - Copying 0 resource
2015-11-30 15:11:35,438 [Worker-25] INFO  o.e.m.c.i.embedder.EclipseLogger - Using 'UTF-8' encoding to copy filtered resources.
2015-11-30 15:11:35,443 [Worker-25] INFO  o.e.m.c.i.embedder.EclipseLogger - Copying 0 resource
2015-11-30 15:11:35,453 [Worker-25] INFO  o.e.m.c.i.embedder.EclipseLogger - Using 'UTF-8' encoding to copy filtered resources.
2015-11-30 15:11:35,455 [Worker-25] INFO  o.e.m.c.i.embedder.EclipseLogger - Copying 0 resource
2015-11-30 15:14:21,529 [Worker-15] INFO  o.e.m.c.i.embedder.EclipseLogger - Using 'UTF-8' encoding to copy filtered resources.
2015-11-30 15:14:21,539 [Worker-15] INFO  o.e.m.c.i.embedder.EclipseLogger - Copying 0 resource
2015-11-30 15:14:21,557 [Worker-15] INFO  o.e.m.c.i.embedder.EclipseLogger - Using 'UTF-8' encoding to copy filtered resources.
2015-11-30 15:14:21,559 [Worker-15] INFO  o.e.m.c.i.embedder.EclipseLogger - Copying 0 resource
2015-11-30 15:16:22,284 [Worker-31] INFO  o.e.m.c.i.embedder.EclipseLogger - Using 'UTF-8' encoding to copy filtered resources.
2015-11-30 15:16:22,288 [Worker-31] INFO  o.e.m.c.i.embedder.EclipseLogger - Copying 0 resource
2015-11-30 15:16:22,300 [Worker-31] INFO  o.e.m.c.i.embedder.EclipseLogger - Using 'UTF-8' encoding to copy filtered resources.
2015-11-30 15:16:22,302 [Worker-31] INFO  o.e.m.c.i.embedder.EclipseLogger - Copying 0 resource
2015-11-30 19:38:05,025 [Worker-6] INFO  o.e.m.c.i.embedder.EclipseLogger - Using 'UTF-8' encoding to copy filtered resources.
2015-11-30 19:38:05,058 [Worker-6] INFO  o.e.m.c.i.embedder.EclipseLogger - Copying 0 resource
2015-11-30 19:38:05,071 [Worker-6] INFO  o.e.m.c.i.embedder.EclipseLogger - Using 'UTF-8' encoding to copy filtered resources.
2015-11-30 19:38:05,073 [Worker-6] INFO  o.e.m.c.i.embedder.EclipseLogger - Copying 0 resource
2015-12-05 22:31:29,998 [Worker-12] INFO  o.e.m.c.i.embedder.EclipseLogger - Using 'UTF-8' encoding to copy filtered resources.
2015-12-05 22:31:30,093 [Worker-12] INFO  o.e.m.c.i.embedder.EclipseLogger - Copying 3 resources
2015-12-05 22:31:30,155 [Worker-12] INFO  o.e.m.c.i.embedder.EclipseLogger - Using 'UTF-8' encoding to copy filtered resources.
2015-12-05 22:31:30,158 [Worker-12] INFO  o.e.m.c.i.embedder.EclipseLogger - Copying 0 resource
2015-12-05 22:33:01,035 [Worker-12] INFO  o.e.m.c.i.embedder.EclipseLogger - Using 'UTF-8' encoding to copy filtered resources.
2015-12-05 22:33:01,053 [Worker-12] INFO  o.e.m.c.i.embedder.EclipseLogger - Copying 3 resources
2015-12-05 22:33:01,062 [Worker-12] INFO  o.e.m.c.i.embedder.EclipseLogger - Using 'UTF-8' encoding to copy filtered resources.
2015-12-05 22:33:01,065 [Worker-12] INFO  o.e.m.c.i.embedder.EclipseLogger - Copying 0 resource
2015-12-05 22:51:11,375 [Worker-0] INFO  o.e.m.c.i.embedder.EclipseLogger - Using 'UTF-8' encoding to copy filtered resources.
2015-12-05 22:51:11,407 [Worker-0] INFO  o.e.m.c.i.embedder.EclipseLogger - Copying 3 resources
2015-12-05 22:51:11,469 [Worker-0] INFO  o.e.m.c.i.embedder.EclipseLogger - Using 'UTF-8' encoding to copy filtered resources.
2015-12-05 22:51:11,469 [Worker-0] INFO  o.e.m.c.i.embedder.EclipseLogger - Copying 0 resource
2015-12-09 17:41:20,532 [Worker-15] INFO  o.e.m.c.i.embedder.EclipseLogger - Using 'UTF-8' encoding to copy filtered resources.
2015-12-09 17:41:20,617 [Worker-15] INFO  o.e.m.c.i.embedder.EclipseLogger - Copying 3 resources
2015-12-09 17:41:20,704 [Worker-15] INFO  o.e.m.c.i.embedder.EclipseLogger - Using 'UTF-8' encoding to copy filtered resources.
2015-12-09 17:41:20,707 [Worker-15] INFO  o.e.m.c.i.embedder.EclipseLogger - Copying 0 resource
2015-12-09 17:42:00,681 [Worker-20] INFO  o.e.m.c.i.embedder.EclipseLogger - Using 'UTF-8' encoding to copy filtered resources.
2015-12-09 17:42:00,687 [Worker-20] INFO  o.e.m.c.i.embedder.EclipseLogger - Copying 0 resource
2015-12-09 17:42:00,693 [Worker-20] INFO  o.e.m.c.i.embedder.EclipseLogger - Using 'UTF-8' encoding to copy filtered resources.
2015-12-09 17:42:00,695 [Worker-20] INFO  o.e.m.c.i.embedder.EclipseLogger - Copying 0 resource
2015-12-09 21:32:28,573 [Worker-5] INFO  o.e.m.c.i.embedder.EclipseLogger - Using 'UTF-8' encoding to copy filtered resources.
2015-12-09 21:32:28,665 [Worker-5] INFO  o.e.m.c.i.embedder.EclipseLogger - Copying 3 resources
2015-12-09 21:32:28,762 [Worker-5] INFO  o.e.m.c.i.embedder.EclipseLogger - Using 'UTF-8' encoding to copy filtered resources.
2015-12-09 21:32:28,765 [Worker-5] INFO  o.e.m.c.i.embedder.EclipseLogger - Copying 0 resource
2015-12-09 21:39:03,923 [Worker-28] INFO  o.e.m.c.i.embedder.EclipseLogger - Using 'UTF-8' encoding to copy filtered resources.
2015-12-09 21:39:03,947 [Worker-28] INFO  o.e.m.c.i.embedder.EclipseLogger - Copying 3 resources
2015-12-09 21:39:03,977 [Worker-28] INFO  o.e.m.c.i.embedder.EclipseLogger - Using 'UTF-8' encoding to copy filtered resources.
2015-12-09 21:39:03,979 [Worker-28] INFO  o.e.m.c.i.embedder.EclipseLogger - Copying 0 resource
2015-12-09 21:55:08,709 [Worker-29] INFO  o.e.m.c.i.embedder.EclipseLogger - Using 'UTF-8' encoding to copy filtered resources.
2015-12-09 21:55:08,719 [Worker-29] INFO  o.e.m.c.i.embedder.EclipseLogger - Copying 4 resources
2015-12-09 21:55:08,750 [Worker-29] INFO  o.e.m.c.i.embedder.EclipseLogger - Using 'UTF-8' encoding to copy filtered resources.
2015-12-09 21:55:08,751 [Worker-29] INFO  o.e.m.c.i.embedder.EclipseLogger - Copying 0 resource
2015-12-09 21:56:17,433 [Worker-30] INFO  o.e.m.c.i.embedder.EclipseLogger - Using 'UTF-8' encoding to copy filtered resources.
2015-12-09 21:56:17,444 [Worker-30] INFO  o.e.m.c.i.embedder.EclipseLogger - Copying 3 resources
2015-12-09 21:56:17,458 [Worker-30] INFO  o.e.m.c.i.embedder.EclipseLogger - Using 'UTF-8' encoding to copy filtered resources.
2015-12-09 21:56:17,460 [Worker-30] INFO  o.e.m.c.i.embedder.EclipseLogger - Copying 0 resource
2015-12-09 21:59:17,474 [Worker-30] INFO  o.e.m.c.i.embedder.EclipseLogger - Using 'UTF-8' encoding to copy filtered resources.
2015-12-09 21:59:17,481 [Worker-30] INFO  o.e.m.c.i.embedder.EclipseLogger - Copying 3 resources
2015-12-09 21:59:17,494 [Worker-30] INFO  o.e.m.c.i.embedder.EclipseLogger - Using 'UTF-8' encoding to copy filtered resources.
2015-12-09 21:59:17,496 [Worker-30] INFO  o.e.m.c.i.embedder.EclipseLogger - Copying 0 resource
2015-12-09 22:00:00,473 [Worker-30] INFO  o.e.m.c.i.embedder.EclipseLogger - Using 'UTF-8' encoding to copy filtered resources.
2015-12-09 22:00:00,481 [Worker-30] INFO  o.e.m.c.i.embedder.EclipseLogger - Copying 3 resources
2015-12-09 22:00:00,492 [Worker-30] INFO  o.e.m.c.i.embedder.EclipseLogger - Using 'UTF-8' encoding to copy filtered resources.
2015-12-09 22:00:00,494 [Worker-30] INFO  o.e.m.c.i.embedder.EclipseLogger - Copying 0 resource
2015-12-09 22:01:34,460 [Worker-29] INFO  o.e.m.c.i.embedder.EclipseLogger - Using 'UTF-8' encoding to copy filtered resources.
2015-12-09 22:01:34,466 [Worker-29] INFO  o.e.m.c.i.embedder.EclipseLogger - Copying 3 resources
2015-12-09 22:01:34,475 [Worker-29] INFO  o.e.m.c.i.embedder.EclipseLogger - Using 'UTF-8' encoding to copy filtered resources.
2015-12-09 22:01:34,477 [Worker-29] INFO  o.e.m.c.i.embedder.EclipseLogger - Copying 0 resource
2015-12-09 22:05:23,090 [Worker-28] INFO  o.e.m.c.i.embedder.EclipseLogger - Using 'UTF-8' encoding to copy filtered resources.
2015-12-09 22:05:23,097 [Worker-28] INFO  o.e.m.c.i.embedder.EclipseLogger - Copying 3 resources
2015-12-09 22:05:23,109 [Worker-28] INFO  o.e.m.c.i.embedder.EclipseLogger - Using 'UTF-8' encoding to copy filtered resources.
2015-12-09 22:05:23,111 [Worker-28] INFO  o.e.m.c.i.embedder.EclipseLogger - Copying 0 resource
2015-12-09 22:06:09,138 [Worker-36] INFO  o.e.m.c.i.embedder.EclipseLogger - Using 'UTF-8' encoding to copy filtered resources.
2015-12-09 22:06:09,145 [Worker-36] INFO  o.e.m.c.i.embedder.EclipseLogger - Copying 3 resources
2015-12-09 22:06:09,156 [Worker-36] INFO  o.e.m.c.i.embedder.EclipseLogger - Using 'UTF-8' encoding to copy filtered resources.
2015-12-09 22:06:09,158 [Worker-36] INFO  o.e.m.c.i.embedder.EclipseLogger - Copying 0 resource
2015-12-09 22:07:20,332 [Worker-36] INFO  o.e.m.c.i.embedder.EclipseLogger - Using 'UTF-8' encoding to copy filtered resources.
2015-12-09 22:07:20,338 [Worker-36] INFO  o.e.m.c.i.embedder.EclipseLogger - Copying 3 resources
2015-12-09 22:07:20,350 [Worker-36] INFO  o.e.m.c.i.embedder.EclipseLogger - Using 'UTF-8' encoding to copy filtered resources.
2015-12-09 22:07:20,352 [Worker-36] INFO  o.e.m.c.i.embedder.EclipseLogger - Copying 0 resource
2015-12-09 22:12:33,448 [Worker-34] INFO  o.e.m.c.i.embedder.EclipseLogger - Using 'UTF-8' encoding to copy filtered resources.
2015-12-09 22:12:33,456 [Worker-34] INFO  o.e.m.c.i.embedder.EclipseLogger - Copying 3 resources
2015-12-09 22:12:33,470 [Worker-34] INFO  o.e.m.c.i.embedder.EclipseLogger - Using 'UTF-8' encoding to copy filtered resources.
2015-12-09 22:12:33,472 [Worker-34] INFO  o.e.m.c.i.embedder.EclipseLogger - Copying 0 resource
2015-12-09 22:22:04,406 [Worker-38] INFO  o.e.m.c.i.embedder.EclipseLogger - Using 'UTF-8' encoding to copy filtered resources.
2015-12-09 22:22:04,412 [Worker-38] INFO  o.e.m.c.i.embedder.EclipseLogger - Copying 0 resource
2015-12-09 22:22:04,420 [Worker-38] INFO  o.e.m.c.i.embedder.EclipseLogger - Using 'UTF-8' encoding to copy filtered resources.
2015-12-09 22:22:04,424 [Worker-38] INFO  o.e.m.c.i.embedder.EclipseLogger - Copying 0 resource
